Determining if the include file pthread.h exists failed with the following output:
Change Dir: C:/Study_SSD/Graphics/OpenGLTemplate/extern/glfw-3.2/build/vc12/CMakeFiles/CMakeTmp

Run Build Command:"C:/Program Files (x86)/MSBuild/12.0/bin/MSBuild.exe" "cmTC_afa77.vcxproj" "/p:Configuration=Debug" "/p:VisualStudioVersion=12.0"
Microsoft (R) Build Engine version 12.0.40629.0
[Microsoft .NET Framework, version 4.0.30319.42000]
Copyright (C) Microsoft Corporation. All rights reserved.

Build started 7/20/2016 1:34:41 AM.
Project "C:\Study_SSD\Graphics\OpenGLTemplate\extern\glfw-3.2\build\vc12\CMakeFiles\CMakeTmp\cmTC_afa77.vcxproj" on node 1 (default targets).
PrepareForBuild:
  Creating directory "cmTC_afa77.dir\Debug\".
  Creating directory "C:\Study_SSD\Graphics\OpenGLTemplate\extern\glfw-3.2\build\vc12\CMakeFiles\CMakeTmp\Debug\".
  Creating directory "cmTC_afa77.dir\Debug\cmTC_afa77.tlog\".
InitializeBuildStatus:
  Creating "cmTC_afa77.dir\Debug\cmTC_afa77.tlog\unsuccessfulbuild" because "AlwaysCreate" was specified.
ClCompile:
  C:\Program Files (x86)\Microsoft Visual Studio 12.0\VC\bin\CL.exe /c /Zi /W3 /WX- /Od /Ob0 /Oy- /D WIN32 /D _WINDOWS /D _DEBUG /D "CMAKE_INTDIR=\"Debug\"" /D _MBCS /Gm- /RTC1 /MDd /GS /fp:precise /Zc:wchar_t /Zc:forScope /Fo"cmTC_afa77.dir\Debug\\" /Fd"cmTC_afa77.dir\Debug\vc120.pdb" /Gd /TC /analyze- /errorReport:queue "C:\Study_SSD\Graphics\OpenGLTemplate\extern\glfw-3.2\build\vc12\CMakeFiles\CMakeTmp\CheckIncludeFile.c"
  Microsoft (R) C/C++ Optimizing Compiler Version 18.00.40629 for x86
  Copyright (C) Microsoft Corporation.  All rights reserved.
  
  cl /c /Zi /W3 /WX- /Od /Ob0 /Oy- /D WIN32 /D _WINDOWS /D _DEBUG /D "CMAKE_INTDIR=\"Debug\"" /D _MBCS /Gm- /RTC1 /MDd /GS /fp:precise /Zc:wchar_t /Zc:forScope /Fo"cmTC_afa77.dir\Debug\\" /Fd"cmTC_afa77.dir\Debug\vc120.pdb" /Gd /TC /analyze- /errorReport:queue "C:\Study_SSD\Graphics\OpenGLTemplate\extern\glfw-3.2\build\vc12\CMakeFiles\CMakeTmp\CheckIncludeFile.c"
  
  CheckIncludeFile.c
C:\Study_SSD\Graphics\OpenGLTemplate\extern\glfw-3.2\build\vc12\CMakeFiles\CMakeTmp\CheckIncludeFile.c(1): fatal error C1083: Cannot open include file: 'pthread.h': No such file or directory [C:\Study_SSD\Graphics\OpenGLTemplate\extern\glfw-3.2\build\vc12\CMakeFiles\CMakeTmp\cmTC_afa77.vcxproj]
Done Building Project "C:\Study_SSD\Graphics\OpenGLTemplate\extern\glfw-3.2\build\vc12\CMakeFiles\CMakeTmp\cmTC_afa77.vcxproj" (default targets) -- FAILED.

Build FAILED.

"C:\Study_SSD\Graphics\OpenGLTemplate\extern\glfw-3.2\build\vc12\CMakeFiles\CMakeTmp\cmTC_afa77.vcxproj" (default target) (1) ->
(ClCompile target) -> 
  C:\Study_SSD\Graphics\OpenGLTemplate\extern\glfw-3.2\build\vc12\CMakeFiles\CMakeTmp\CheckIncludeFile.c(1): fatal error C1083: Cannot open include file: 'pthread.h': No such file or directory [C:\Study_SSD\Graphics\OpenGLTemplate\extern\glfw-3.2\build\vc12\CMakeFiles\CMakeTmp\cmTC_afa77.vcxproj]

    0 Warning(s)
    1 Error(s)

Time Elapsed 00:00:01.34


