Determining if the include file pthread.h exists failed with the following output:
Change Dir: C:/Study_SSD/Graphics/OpenGLTemplate/extern/glfw-3.2/build/CMakeFiles/CMakeTmp

Run Build Command:"C:/Program Files (x86)/MSBuild/14.0/bin/MSBuild.exe" "cmTC_f8624.vcxproj" "/p:Configuration=Debug" "/p:VisualStudioVersion=14.0"
Microsoft (R) Build Engine version 14.0.24723.2
Copyright (C) Microsoft Corporation. All rights reserved.

Build started 7/20/2016 1:46:51 AM.
The target "BeforeGenerateProjectPriFile" listed in a BeforeTargets attribute at "C:\Program Files (x86)\MSBuild\Microsoft\NuGet\Microsoft.NuGet.targets (186,61)" does not exist in the project, and will be ignored.
Project "C:\Study_SSD\Graphics\OpenGLTemplate\extern\glfw-3.2\build\CMakeFiles\CMakeTmp\cmTC_f8624.vcxproj" on node 1 (default targets).
PrepareForBuild:
  Creating directory "cmTC_f8624.dir\Debug\".
  Creating directory "C:\Study_SSD\Graphics\OpenGLTemplate\extern\glfw-3.2\build\CMakeFiles\CMakeTmp\Debug\".
  Creating directory "cmTC_f8624.dir\Debug\cmTC_f8624.tlog\".
InitializeBuildStatus:
  Creating "cmTC_f8624.dir\Debug\cmTC_f8624.tlog\unsuccessfulbuild" because "AlwaysCreate" was specified.
ClCompile:
  C:\Program Files (x86)\Microsoft Visual Studio 14.0\VC\bin\CL.exe /c /Zi /W3 /WX- /Od /Ob0 /Oy- /D WIN32 /D _WINDOWS /D _DEBUG /D "CMAKE_INTDIR=\"Debug\"" /D _MBCS /Gm- /RTC1 /MDd /GS /fp:precise /Zc:wchar_t /Zc:forScope /Zc:inline /Fo"cmTC_f8624.dir\Debug\\" /Fd"cmTC_f8624.dir\Debug\vc140.pdb" /Gd /TC /analyze- /errorReport:queue "C:\Study_SSD\Graphics\OpenGLTemplate\extern\glfw-3.2\build\CMakeFiles\CMakeTmp\CheckIncludeFile.c"
  Microsoft (R) C/C++ Optimizing Compiler Version 19.00.23506 for x86
  Copyright (C) Microsoft Corporation.  All rights reserved.
  
  cl /c /Zi /W3 /WX- /Od /Ob0 /Oy- /D WIN32 /D _WINDOWS /D _DEBUG /D "CMAKE_INTDIR=\"Debug\"" /D _MBCS /Gm- /RTC1 /MDd /GS /fp:precise /Zc:wchar_t /Zc:forScope /Zc:inline /Fo"cmTC_f8624.dir\Debug\\" /Fd"cmTC_f8624.dir\Debug\vc140.pdb" /Gd /TC /analyze- /errorReport:queue "C:\Study_SSD\Graphics\OpenGLTemplate\extern\glfw-3.2\build\CMakeFiles\CMakeTmp\CheckIncludeFile.c"
  
  CheckIncludeFile.c
C:\Study_SSD\Graphics\OpenGLTemplate\extern\glfw-3.2\build\CMakeFiles\CMakeTmp\CheckIncludeFile.c(1): fatal error C1083: Cannot open include file: 'pthread.h': No such file or directory [C:\Study_SSD\Graphics\OpenGLTemplate\extern\glfw-3.2\build\CMakeFiles\CMakeTmp\cmTC_f8624.vcxproj]
Done Building Project "C:\Study_SSD\Graphics\OpenGLTemplate\extern\glfw-3.2\build\CMakeFiles\CMakeTmp\cmTC_f8624.vcxproj" (default targets) -- FAILED.

Build FAILED.

"C:\Study_SSD\Graphics\OpenGLTemplate\extern\glfw-3.2\build\CMakeFiles\CMakeTmp\cmTC_f8624.vcxproj" (default target) (1) ->
(ClCompile target) -> 
  C:\Study_SSD\Graphics\OpenGLTemplate\extern\glfw-3.2\build\CMakeFiles\CMakeTmp\CheckIncludeFile.c(1): fatal error C1083: Cannot open include file: 'pthread.h': No such file or directory [C:\Study_SSD\Graphics\OpenGLTemplate\extern\glfw-3.2\build\CMakeFiles\CMakeTmp\cmTC_f8624.vcxproj]

    0 Warning(s)
    1 Error(s)

Time Elapsed 00:00:01.62


